#
# There is insufficient memory for the Java Runtime Environment to continue.
# Native memory allocation (malloc) failed to allocate 1048576 bytes for AllocateHeap
# Possible reasons:
#   The system is out of physical RAM or swap space
#   The process is running with CompressedOops enabled, and the Java Heap may be blocking the growth of the native heap
# Possible solutions:
#   Reduce memory load on the system
#   Increase physical memory or swap space
#   Check if swap backing store is full
#   Decrease Java heap size (-Xmx/-Xms)
#   Decrease number of Java threads
#   Decrease Java thread stack sizes (-Xss)
#   Set larger code cache with -XX:ReservedCodeCacheSize=
#   JVM is running with Unscaled Compressed Oops mode in which the Java heap is
#     placed in the first 4GB address space. The Java Heap base address is the
#     maximum limit for the native heap growth. Please use -XX:HeapBaseMinAddress
#     to set the Java Heap base and to place the Java Heap above 4GB virtual address.
# This output file may be truncated or incomplete.
#
#  Out of Memory Error (allocation.cpp:44), pid=23508, tid=11252
#
# JRE version:  (21.0.2+13) (build )
# Java VM: OpenJDK 64-Bit Server VM (21.0.2+13-LTS, mixed mode, sharing, tiered, compressed oops, compressed class ptrs, g1 gc, windows-amd64)
# No core dump will be written. Minidumps are not enabled by default on client versions of Windows
#

---------------  S U M M A R Y ------------

Command Line: 

Host: 13th Gen Intel(R) Core(TM) i5-1345U, 12 cores, 15G,  Windows 10 , 64 bit Build 19041 (10.0.19041.4597)
Time: Wed Aug 14 12:56:13 2024 India Standard Time elapsed time: 0.041937 seconds (0d 0h 0m 0s)

---------------  T H R E A D  ---------------

Current thread (0x00000267026cc6c0):  JavaThread "Unknown thread" [_thread_in_vm, id=11252, stack(0x000000a763800000,0x000000a763900000) (1024K)]

Stack: [0x000000a763800000,0x000000a763900000]
Native frames: (J=compiled Java code, j=interpreted, Vv=VM code, C=native code)
V  [jvm.dll+0x6d47c9]
V  [jvm.dll+0x8afd41]
V  [jvm.dll+0x8b20ae]
V  [jvm.dll+0x8b2793]
V  [jvm.dll+0x287836]
V  [jvm.dll+0xc06b7]
V  [jvm.dll+0x32e405]
V  [jvm.dll+0x87802d]
V  [jvm.dll+0x3c32f1]
V  [jvm.dll+0x8608e8]
V  [jvm.dll+0x456ebe]
V  [jvm.dll+0x458981]
C  [jli.dll+0x52a3]
C  [ucrtbase.dll+0x21bb2]
C  [KERNEL32.DLL+0x17374]
C  [ntdll.dll+0x4cc91]


---------------  P R O C E S S  ---------------

Threads class SMR info:
_java_thread_list=0x00007ffc0eab0108, length=0, elements={
}

Java Threads: ( => current thread )
Total: 0

Other Threads:

=>0x00000267026cc6c0 (exited) JavaThread "Unknown thread"    [_thread_in_vm, id=11252, stack(0x000000a763800000,0x000000a763900000) (1024K)]
Total: 1

Threads with active compile tasks:
Total: 0

VM state: not at safepoint (not fully initialized)

VM Mutex/Monitor currently owned by a thread: None

Heap address: 0x0000000000000000, size: 0 MB, Compressed Oops mode: 32-bit

CDS archive(s) mapped at: [0x0000000000000000-0x0000000000000000-0x0000000000000000), size 0, SharedBaseAddress: 0x0000000800000000, ArchiveRelocationMode: 1.
Narrow klass base: 0x0000000000000000, Narrow klass shift: 0, Narrow klass range: 0x0

GC Precious Log:
 CardTable entry size: 512
 Card Set container configuration: InlinePtr #cards 4 size 8 Array Of Cards #cards 16 size 48 Howl #buckets 8 coarsen threshold 3686 Howl Bitmap #cards 512 size 80 coarsen threshold 460 Card regions per heap region 1 cards per card region 4096

GC Heap History (0 events):
No events

Dll operation events (1 events):
Event: 0.029 Loaded shared library C:\Program Files\Zulu\zulu-21\bin\java.dll

Deoptimization events (0 events):
No events

Classes loaded (0 events):
No events

Classes unloaded (0 events):
No events

Classes redefined (0 events):
No events

Internal exceptions (0 events):
No events

ZGC Phase Switch (0 events):
No events

VM Operations (0 events):
No events

Events (0 events):
No events


Dynamic libraries:
0x00007ff7d0750000 - 0x00007ff7d075e000 	C:\Program Files\Zulu\zulu-21\bin\java.exe
0x00007ffcae610000 - 0x00007ffcae808000 	C:\windows\SYSTEM32\ntdll.dll
0x00007ffcac640000 - 0x00007ffcac701000 	C:\windows\System32\KERNEL32.DLL
0x00007ffcabcc0000 - 0x00007ffcabfb6000 	C:\windows\System32\KERNELBASE.dll
0x00007ffcac040000 - 0x00007ffcac140000 	C:\windows\System32\ucrtbase.dll
0x00007ffc8cdc0000 - 0x00007ffc8cdd8000 	C:\Program Files\Zulu\zulu-21\bin\jli.dll
0x00007ffc8cd80000 - 0x00007ffc8cd9b000 	C:\Program Files\Zulu\zulu-21\bin\VCRUNTIME140.dll
0x00007ffcae150000 - 0x00007ffcae2ef000 	C:\windows\System32\USER32.dll
0x00007ffcac1f0000 - 0x00007ffcac212000 	C:\windows\System32\win32u.dll
0x00007ffc8d890000 - 0x00007ffc8db2a000 	C:\windows\WinSxS\amd64_microsoft.windows.common-controls_6595b64144ccf1df_6.0.19041.4355_none_60b8b9eb71f62e16\COMCTL32.dll
0x00007ffcadac0000 - 0x00007ffcadaeb000 	C:\windows\System32\GDI32.dll
0x00007ffcad1f0000 - 0x00007ffcad28e000 	C:\windows\System32\msvcrt.dll
0x00007ffcac520000 - 0x00007ffcac637000 	C:\windows\System32\gdi32full.dll
0x00007ffcac3f0000 - 0x00007ffcac48d000 	C:\windows\System32\msvcp_win.dll
0x00007ffcad5f0000 - 0x00007ffcad61f000 	C:\windows\System32\IMM32.DLL
0x0000026702950000 - 0x0000026702964000 	C:\windows\System32\umppc18110.dll
0x00007ffcab930000 - 0x00007ffcaba33000 	C:\Program Files\Avecto\Privilege Guard Client\PGHook.dll
0x00007ffca0f70000 - 0x00007ffca0f7c000 	C:\Program Files\Zulu\zulu-21\bin\vcruntime140_1.dll
0x00007ffc66790000 - 0x00007ffc6681e000 	C:\Program Files\Zulu\zulu-21\bin\msvcp140.dll
0x00007ffc0de70000 - 0x00007ffc0ec05000 	C:\Program Files\Zulu\zulu-21\bin\server\jvm.dll
0x00007ffcac970000 - 0x00007ffcaca20000 	C:\windows\System32\ADVAPI32.dll
0x00007ffcad920000 - 0x00007ffcad9c0000 	C:\windows\System32\sechost.dll
0x00007ffcae4a0000 - 0x00007ffcae5c3000 	C:\windows\System32\RPCRT4.dll
0x00007ffcabfc0000 - 0x00007ffcabfe7000 	C:\windows\System32\bcrypt.dll
0x00007ffcae3d0000 - 0x00007ffcae43b000 	C:\windows\System32\WS2_32.dll
0x00007ffcabb10000 - 0x00007ffcabb5b000 	C:\windows\SYSTEM32\POWRPROF.dll
0x00007ffc9b7d0000 - 0x00007ffc9b7f7000 	C:\windows\SYSTEM32\WINMM.dll
0x00007ffca2380000 - 0x00007ffca238a000 	C:\windows\SYSTEM32\VERSION.dll
0x00007ffcabaf0000 - 0x00007ffcabb02000 	C:\windows\SYSTEM32\UMPDC.dll
0x00007ffcaa0d0000 - 0x00007ffcaa0e2000 	C:\windows\SYSTEM32\kernel.appcore.dll
0x00007ffc8ebf0000 - 0x00007ffc8ebfa000 	C:\Program Files\Zulu\zulu-21\bin\jimage.dll
0x00007ffca9e60000 - 0x00007ffcaa044000 	C:\windows\SYSTEM32\DBGHELP.DLL
0x00007ffc8a760000 - 0x00007ffc8a794000 	C:\windows\SYSTEM32\dbgcore.DLL
0x00007ffcac490000 - 0x00007ffcac512000 	C:\windows\System32\bcryptPrimitives.dll
0x00007ffc83140000 - 0x00007ffc8315f000 	C:\Program Files\Zulu\zulu-21\bin\java.dll

dbghelp: loaded successfully - version: 4.0.5 - missing functions: none
symbol engine: initialized successfully - sym options: 0x614 - pdb path: .;C:\Program Files\Zulu\zulu-21\bin;C:\windows\SYSTEM32;C:\windows\WinSxS\amd64_microsoft.windows.common-controls_6595b64144ccf1df_6.0.19041.4355_none_60b8b9eb71f62e16;C:\Program Files\Avecto\Privilege Guard Client;C:\Program Files\Zulu\zulu-21\bin\server

VM Arguments:
java_command: <unknown>
java_class_path (initial): <not set>
Launcher Type: SUN_STANDARD

[Global flags]
     intx CICompilerCount                          = 4                                         {product} {ergonomic}
     uint ConcGCThreads                            = 3                                         {product} {ergonomic}
     uint G1ConcRefinementThreads                  = 10                                        {product} {ergonomic}
   size_t G1HeapRegionSize                         = 2097152                                   {product} {ergonomic}
    uintx GCDrainStackTargetSize                   = 64                                        {product} {ergonomic}
   size_t InitialHeapSize                          = 264241152                                 {product} {ergonomic}
   size_t MarkStackSize                            = 4194304                                   {product} {ergonomic}
   size_t MaxHeapSize                              = 4213178368                                {product} {ergonomic}
   size_t MinHeapDeltaBytes                        = 2097152                                   {product} {ergonomic}
   size_t MinHeapSize                              = 8388608                                   {product} {ergonomic}
    uintx NonNMethodCodeHeapSize                   = 5839372                                {pd product} {ergonomic}
    uintx NonProfiledCodeHeapSize                  = 122909434                              {pd product} {ergonomic}
    uintx ProfiledCodeHeapSize                     = 122909434                              {pd product} {ergonomic}
    uintx ReservedCodeCacheSize                    = 251658240                              {pd product} {ergonomic}
     bool SegmentedCodeCache                       = true                                      {product} {ergonomic}
   size_t SoftMaxHeapSize                          = 4213178368                             {manageable} {ergonomic}
     bool UseCompressedOops                        = true                           {product lp64_product} {ergonomic}
     bool UseG1GC                                  = true                                      {product} {ergonomic}
     bool UseLargePagesIndividualAllocation        = false                                  {pd product} {ergonomic}

Logging:
Log output configuration:
 #0: stdout all=warning uptime,level,tags foldmultilines=false
 #1: stderr all=off uptime,level,tags foldmultilines=false

Environment Variables:
PATH=C:\Program Files\Zulu\zulu-21\bin\;C:\windows\system32;C:\windows;C:\windows\System32\Wbem;C:\windows\System32\WindowsPowerShell\v1.0\;C:\windows\System32\OpenSSH\;C:\ProgramData\chocolatey\bin;C:\Program Files\nodejs\;C:\Program Files\Git\cmd;C:\Users\sas1\AppData\Local\Microsoft\WindowsApps;C:\Program Files\sf\bin;C:\Users\sas1\AppData\Local\Programs\Microsoft VS Code\bin;C:\Users\sas1\AppData\Roaming\npm;C:\Users\sas1\AppData\Local\GitHubDesktop\bin
USERNAME=sas1
OS=Windows_NT
PROCESSOR_IDENTIFIER=Intel64 Family 6 Model 186 Stepping 3, GenuineIntel
TMP=C:\Users\sas1\AppData\Local\Temp
TEMP=C:\Users\sas1\AppData\Local\Temp




Periodic native trim disabled

---------------  S Y S T E M  ---------------

OS:
 Windows 10 , 64 bit Build 19041 (10.0.19041.4597)
OS uptime: 0 days 2:33 hours

CPU: total 12 (initial active 12) (12 cores per cpu, 1 threads per core) family 6 model 186 stepping 3 microcode 0x4122, cx8, cmov, fxsr, mmx, 3dnowpref, sse, sse2, sse3, ssse3, sse4.1, sse4.2, popcnt, lzcnt, tsc, tscinvbit, avx, avx2, aes, erms, clmul, bmi1, bmi2, adx, sha, fma, vzeroupper, clflush, clflushopt, clwb, serialize, rdtscp, rdpid, fsrm, f16c, pku, cet_ibt, cet_ss
Processor Information for processor 0
  Max Mhz: 1600, Current Mhz: 1600, Mhz Limit: 1200
Processor Information for processor 1
  Max Mhz: 1600, Current Mhz: 1600, Mhz Limit: 1200
Processor Information for processor 2
  Max Mhz: 1600, Current Mhz: 1600, Mhz Limit: 1600
Processor Information for processor 3
  Max Mhz: 1600, Current Mhz: 1600, Mhz Limit: 1600
Processor Information for processor 4
  Max Mhz: 1600, Current Mhz: 1200, Mhz Limit: 1200
Processor Information for processor 5
  Max Mhz: 1600, Current Mhz: 1200, Mhz Limit: 1200
Processor Information for processor 6
  Max Mhz: 1600, Current Mhz: 1200, Mhz Limit: 1200
Processor Information for processor 7
  Max Mhz: 1600, Current Mhz: 1200, Mhz Limit: 1200
Processor Information for processor 8
  Max Mhz: 1600, Current Mhz: 1200, Mhz Limit: 1200
Processor Information for processor 9
  Max Mhz: 1600, Current Mhz: 1200, Mhz Limit: 1200
Processor Information for processor 10
  Max Mhz: 1600, Current Mhz: 1200, Mhz Limit: 1200
Processor Information for processor 11
  Max Mhz: 1600, Current Mhz: 1200, Mhz Limit: 1200

Memory: 4k page, system-wide physical 16068M (2282M free)
TotalPageFile size 46209M (AvailPageFile size 5M)
current process WorkingSet (physical memory assigned to process): 10M, peak: 10M
current process commit charge ("private bytes"): 13M, peak: 14M

vm_info: OpenJDK 64-Bit Server VM (21.0.2+13-LTS) for windows-amd64 JRE (21.0.2+13-LTS) (Zulu21.32+17-CA), built on 2024-01-09T19:19:09Z by "zulu_re" with MS VC++ 17.1 (VS2022)

END.
